CRITICAL - 2021-10-21 07:16:28 --> Call to undefined method CodeIgniter\Validation\Validation::hashError()
#0 D:\xampp2\htdocs\ci4app\vendor\codeigniter4\framework\system\View\View.php(214): include()
#1 D:\xampp2\htdocs\ci4app\vendor\codeigniter4\framework\system\View\View.php(217): CodeIgniter\View\View->CodeIgniter\View\{closure}()
#2 D:\xampp2\htdocs\ci4app\vendor\codeigniter4\framework\system\Common.php(1092): CodeIgniter\View\View->render('diecast/create', Array, true)
#3 D:\xampp2\htdocs\ci4app\app\Controllers\Diecast.php(55): view('diecast/create', Array)
#4 D:\xampp2\htdocs\ci4app\vendor\codeigniter4\framework\system\CodeIgniter.php(802): App\Controllers\Diecast->create()
#5 D:\xampp2\htdocs\ci4app\vendor\codeigniter4\framework\system\CodeIgniter.php(399): CodeIgniter\CodeIgniter->runController(Object(App\Controllers\Diecast))
#6 D:\xampp2\htdocs\ci4app\vendor\codeigniter4\framework\system\CodeIgniter.php(317): CodeIgniter\CodeIgniter->handleRequest(NULL, Object(Config\Cache), false)
#7 D:\xampp2\htdocs\ci4app\public\index.php(37): CodeIgniter\CodeIgniter->run()
#8 D:\xampp2\htdocs\ci4app\vendor\codeigniter4\framework\system\Commands\Server\rewrite.php(43): require_once('D:\\xampp2\\htdoc...')
#9 {main}
CRITICAL - 2021-10-21 07:16:45 --> Call to undefined method CodeIgniter\Validation\Validation::hashError()
#0 D:\xampp2\htdocs\ci4app\vendor\codeigniter4\framework\system\View\View.php(214): include()
#1 D:\xampp2\htdocs\ci4app\vendor\codeigniter4\framework\system\View\View.php(217): CodeIgniter\View\View->CodeIgniter\View\{closure}()
#2 D:\xampp2\htdocs\ci4app\vendor\codeigniter4\framework\system\Common.php(1092): CodeIgniter\View\View->render('diecast/create', Array, true)
#3 D:\xampp2\htdocs\ci4app\app\Controllers\Diecast.php(55): view('diecast/create', Array)
#4 D:\xampp2\htdocs\ci4app\vendor\codeigniter4\framework\system\CodeIgniter.php(802): App\Controllers\Diecast->create()
#5 D:\xampp2\htdocs\ci4app\vendor\codeigniter4\framework\system\CodeIgniter.php(399): CodeIgniter\CodeIgniter->runController(Object(App\Controllers\Diecast))
#6 D:\xampp2\htdocs\ci4app\vendor\codeigniter4\framework\system\CodeIgniter.php(317): CodeIgniter\CodeIgniter->handleRequest(NULL, Object(Config\Cache), false)
#7 D:\xampp2\htdocs\ci4app\public\index.php(37): CodeIgniter\CodeIgniter->run()
#8 D:\xampp2\htdocs\ci4app\vendor\codeigniter4\framework\system\Commands\Server\rewrite.php(43): require_once('D:\\xampp2\\htdoc...')
#9 {main}
