CRITICAL - 2021-10-17 09:00:44 --> Invalid file: layout/about.php
#0 D:\xampp2\htdocs\ci4app\vendor\codeigniter4\framework\system\View\View.php(198): CodeIgniter\Exceptions\FrameworkException::forInvalidFile('layout/about.ph...')
#1 D:\xampp2\htdocs\ci4app\vendor\codeigniter4\framework\system\Common.php(1092): CodeIgniter\View\View->render('layout/about', Array, true)
#2 D:\xampp2\htdocs\ci4app\app\Controllers\Pages.php(14): view('layout/about')
#3 D:\xampp2\htdocs\ci4app\vendor\codeigniter4\framework\system\CodeIgniter.php(802): App\Controllers\Pages->about()
#4 D:\xampp2\htdocs\ci4app\vendor\codeigniter4\framework\system\CodeIgniter.php(399): CodeIgniter\CodeIgniter->runController(Object(App\Controllers\Pages))
#5 D:\xampp2\htdocs\ci4app\vendor\codeigniter4\framework\system\CodeIgniter.php(317): CodeIgniter\CodeIgniter->handleRequest(NULL, Object(Config\Cache), false)
#6 D:\xampp2\htdocs\ci4app\public\index.php(37): CodeIgniter\CodeIgniter->run()
#7 D:\xampp2\htdocs\ci4app\vendor\codeigniter4\framework\system\Commands\Server\rewrite.php(43): require_once('D:\\xampp2\\htdoc...')
#8 {main}
CRITICAL - 2021-10-17 09:01:16 --> Invalid file: layout/about.php
#0 D:\xampp2\htdocs\ci4app\vendor\codeigniter4\framework\system\View\View.php(198): CodeIgniter\Exceptions\FrameworkException::forInvalidFile('layout/about.ph...')
#1 D:\xampp2\htdocs\ci4app\vendor\codeigniter4\framework\system\Common.php(1092): CodeIgniter\View\View->render('layout/about', Array, true)
#2 D:\xampp2\htdocs\ci4app\app\Controllers\Pages.php(14): view('layout/about')
#3 D:\xampp2\htdocs\ci4app\vendor\codeigniter4\framework\system\CodeIgniter.php(802): App\Controllers\Pages->about()
#4 D:\xampp2\htdocs\ci4app\vendor\codeigniter4\framework\system\CodeIgniter.php(399): CodeIgniter\CodeIgniter->runController(Object(App\Controllers\Pages))
#5 D:\xampp2\htdocs\ci4app\vendor\codeigniter4\framework\system\CodeIgniter.php(317): CodeIgniter\CodeIgniter->handleRequest(NULL, Object(Config\Cache), false)
#6 D:\xampp2\htdocs\ci4app\public\index.php(37): CodeIgniter\CodeIgniter->run()
#7 D:\xampp2\htdocs\ci4app\vendor\codeigniter4\framework\system\Commands\Server\rewrite.php(43): require_once('D:\\xampp2\\htdoc...')
#8 {main}
CRITICAL - 2021-10-17 10:05:05 --> Undefined property: CodeIgniter\View\View::$endSection
#0 D:\xampp2\htdocs\ci4app\app\Views\Pages\home.php(12): CodeIgniter\Debug\Exceptions->errorHandler(8, 'Undefined prope...', 'D:\\xampp2\\htdoc...', 12, Array)
#1 D:\xampp2\htdocs\ci4app\vendor\codeigniter4\framework\system\View\View.php(214): include('D:\\xampp2\\htdoc...')
#2 D:\xampp2\htdocs\ci4app\vendor\codeigniter4\framework\system\View\View.php(217): CodeIgniter\View\View->CodeIgniter\View\{closure}()
#3 D:\xampp2\htdocs\ci4app\vendor\codeigniter4\framework\system\Common.php(1092): CodeIgniter\View\View->render('Pages/home', Array, true)
#4 D:\xampp2\htdocs\ci4app\app\Controllers\Pages.php(13): view('Pages/home')
#5 D:\xampp2\htdocs\ci4app\vendor\codeigniter4\framework\system\CodeIgniter.php(802): App\Controllers\Pages->index()
#6 D:\xampp2\htdocs\ci4app\vendor\codeigniter4\framework\system\CodeIgniter.php(399): CodeIgniter\CodeIgniter->runController(Object(App\Controllers\Pages))
#7 D:\xampp2\htdocs\ci4app\vendor\codeigniter4\framework\system\CodeIgniter.php(317): CodeIgniter\CodeIgniter->handleRequest(NULL, Object(Config\Cache), false)
#8 D:\xampp2\htdocs\ci4app\public\index.php(37): CodeIgniter\CodeIgniter->run()
#9 D:\xampp2\htdocs\ci4app\vendor\codeigniter4\framework\system\Commands\Server\rewrite.php(43): require_once('D:\\xampp2\\htdoc...')
#10 {main}
CRITICAL - 2021-10-17 10:24:49 --> Undefined index: $tipe
#0 D:\xampp2\htdocs\ci4app\app\Views\Pages\contact.php(10): CodeIgniter\Debug\Exceptions->errorHandler(8, 'Undefined index...', 'D:\\xampp2\\htdoc...', 10, Array)
#1 D:\xampp2\htdocs\ci4app\vendor\codeigniter4\framework\system\View\View.php(214): include('D:\\xampp2\\htdoc...')
#2 D:\xampp2\htdocs\ci4app\vendor\codeigniter4\framework\system\View\View.php(217): CodeIgniter\View\View->CodeIgniter\View\{closure}()
#3 D:\xampp2\htdocs\ci4app\vendor\codeigniter4\framework\system\Common.php(1092): CodeIgniter\View\View->render('Pages/contact', Array, true)
#4 D:\xampp2\htdocs\ci4app\app\Controllers\Pages.php(44): view('Pages/contact', Array)
#5 D:\xampp2\htdocs\ci4app\vendor\codeigniter4\framework\system\CodeIgniter.php(802): App\Controllers\Pages->contact()
#6 D:\xampp2\htdocs\ci4app\vendor\codeigniter4\framework\system\CodeIgniter.php(399): CodeIgniter\CodeIgniter->runController(Object(App\Controllers\Pages))
#7 D:\xampp2\htdocs\ci4app\vendor\codeigniter4\framework\system\CodeIgniter.php(317): CodeIgniter\CodeIgniter->handleRequest(NULL, Object(Config\Cache), false)
#8 D:\xampp2\htdocs\ci4app\public\index.php(37): CodeIgniter\CodeIgniter->run()
#9 D:\xampp2\htdocs\ci4app\vendor\codeigniter4\framework\system\Commands\Server\rewrite.php(43): require_once('D:\\xampp2\\htdoc...')
#10 {main}
CRITICAL - 2021-10-17 10:26:45 --> Undefined index: alamat
#0 D:\xampp2\htdocs\ci4app\app\Views\Pages\contact.php(11): CodeIgniter\Debug\Exceptions->errorHandler(8, 'Undefined index...', 'D:\\xampp2\\htdoc...', 11, Array)
#1 D:\xampp2\htdocs\ci4app\vendor\codeigniter4\framework\system\View\View.php(214): include('D:\\xampp2\\htdoc...')
#2 D:\xampp2\htdocs\ci4app\vendor\codeigniter4\framework\system\View\View.php(217): CodeIgniter\View\View->CodeIgniter\View\{closure}()
#3 D:\xampp2\htdocs\ci4app\vendor\codeigniter4\framework\system\Common.php(1092): CodeIgniter\View\View->render('Pages/contact', Array, true)
#4 D:\xampp2\htdocs\ci4app\app\Controllers\Pages.php(44): view('Pages/contact', Array)
#5 D:\xampp2\htdocs\ci4app\vendor\codeigniter4\framework\system\CodeIgniter.php(802): App\Controllers\Pages->contact()
#6 D:\xampp2\htdocs\ci4app\vendor\codeigniter4\framework\system\CodeIgniter.php(399): CodeIgniter\CodeIgniter->runController(Object(App\Controllers\Pages))
#7 D:\xampp2\htdocs\ci4app\vendor\codeigniter4\framework\system\CodeIgniter.php(317): CodeIgniter\CodeIgniter->handleRequest(NULL, Object(Config\Cache), false)
#8 D:\xampp2\htdocs\ci4app\public\index.php(37): CodeIgniter\CodeIgniter->run()
#9 D:\xampp2\htdocs\ci4app\vendor\codeigniter4\framework\system\Commands\Server\rewrite.php(43): require_once('D:\\xampp2\\htdoc...')
#10 {main}
CRITICAL - 2021-10-17 10:27:18 --> Undefined index: $alamat
#0 D:\xampp2\htdocs\ci4app\app\Views\Pages\contact.php(11): CodeIgniter\Debug\Exceptions->errorHandler(8, 'Undefined index...', 'D:\\xampp2\\htdoc...', 11, Array)
#1 D:\xampp2\htdocs\ci4app\vendor\codeigniter4\framework\system\View\View.php(214): include('D:\\xampp2\\htdoc...')
#2 D:\xampp2\htdocs\ci4app\vendor\codeigniter4\framework\system\View\View.php(217): CodeIgniter\View\View->CodeIgniter\View\{closure}()
#3 D:\xampp2\htdocs\ci4app\vendor\codeigniter4\framework\system\Common.php(1092): CodeIgniter\View\View->render('Pages/contact', Array, true)
#4 D:\xampp2\htdocs\ci4app\app\Controllers\Pages.php(44): view('Pages/contact', Array)
#5 D:\xampp2\htdocs\ci4app\vendor\codeigniter4\framework\system\CodeIgniter.php(802): App\Controllers\Pages->contact()
#6 D:\xampp2\htdocs\ci4app\vendor\codeigniter4\framework\system\CodeIgniter.php(399): CodeIgniter\CodeIgniter->runController(Object(App\Controllers\Pages))
#7 D:\xampp2\htdocs\ci4app\vendor\codeigniter4\framework\system\CodeIgniter.php(317): CodeIgniter\CodeIgniter->handleRequest(NULL, Object(Config\Cache), false)
#8 D:\xampp2\htdocs\ci4app\public\index.php(37): CodeIgniter\CodeIgniter->run()
#9 D:\xampp2\htdocs\ci4app\vendor\codeigniter4\framework\system\Commands\Server\rewrite.php(43): require_once('D:\\xampp2\\htdoc...')
#10 {main}
CRITICAL - 2021-10-17 10:27:54 --> Undefined index: alamat
#0 D:\xampp2\htdocs\ci4app\app\Views\Pages\contact.php(11): CodeIgniter\Debug\Exceptions->errorHandler(8, 'Undefined index...', 'D:\\xampp2\\htdoc...', 11, Array)
#1 D:\xampp2\htdocs\ci4app\vendor\codeigniter4\framework\system\View\View.php(214): include('D:\\xampp2\\htdoc...')
#2 D:\xampp2\htdocs\ci4app\vendor\codeigniter4\framework\system\View\View.php(217): CodeIgniter\View\View->CodeIgniter\View\{closure}()
#3 D:\xampp2\htdocs\ci4app\vendor\codeigniter4\framework\system\Common.php(1092): CodeIgniter\View\View->render('Pages/contact', Array, true)
#4 D:\xampp2\htdocs\ci4app\app\Controllers\Pages.php(44): view('Pages/contact', Array)
#5 D:\xampp2\htdocs\ci4app\vendor\codeigniter4\framework\system\CodeIgniter.php(802): App\Controllers\Pages->contact()
#6 D:\xampp2\htdocs\ci4app\vendor\codeigniter4\framework\system\CodeIgniter.php(399): CodeIgniter\CodeIgniter->runController(Object(App\Controllers\Pages))
#7 D:\xampp2\htdocs\ci4app\vendor\codeigniter4\framework\system\CodeIgniter.php(317): CodeIgniter\CodeIgniter->handleRequest(NULL, Object(Config\Cache), false)
#8 D:\xampp2\htdocs\ci4app\public\index.php(37): CodeIgniter\CodeIgniter->run()
#9 D:\xampp2\htdocs\ci4app\vendor\codeigniter4\framework\system\Commands\Server\rewrite.php(43): require_once('D:\\xampp2\\htdoc...')
#10 {main}
CRITICAL - 2021-10-17 10:30:32 --> Undefined index: alamat
#0 D:\xampp2\htdocs\ci4app\app\Views\Pages\contact.php(11): CodeIgniter\Debug\Exceptions->errorHandler(8, 'Undefined index...', 'D:\\xampp2\\htdoc...', 11, Array)
#1 D:\xampp2\htdocs\ci4app\vendor\codeigniter4\framework\system\View\View.php(214): include('D:\\xampp2\\htdoc...')
#2 D:\xampp2\htdocs\ci4app\vendor\codeigniter4\framework\system\View\View.php(217): CodeIgniter\View\View->CodeIgniter\View\{closure}()
#3 D:\xampp2\htdocs\ci4app\vendor\codeigniter4\framework\system\Common.php(1092): CodeIgniter\View\View->render('Pages/contact', Array, true)
#4 D:\xampp2\htdocs\ci4app\app\Controllers\Pages.php(43): view('Pages/contact', Array)
#5 D:\xampp2\htdocs\ci4app\vendor\codeigniter4\framework\system\CodeIgniter.php(802): App\Controllers\Pages->contact()
#6 D:\xampp2\htdocs\ci4app\vendor\codeigniter4\framework\system\CodeIgniter.php(399): CodeIgniter\CodeIgniter->runController(Object(App\Controllers\Pages))
#7 D:\xampp2\htdocs\ci4app\vendor\codeigniter4\framework\system\CodeIgniter.php(317): CodeIgniter\CodeIgniter->handleRequest(NULL, Object(Config\Cache), false)
#8 D:\xampp2\htdocs\ci4app\public\index.php(37): CodeIgniter\CodeIgniter->run()
#9 D:\xampp2\htdocs\ci4app\vendor\codeigniter4\framework\system\Commands\Server\rewrite.php(43): require_once('D:\\xampp2\\htdoc...')
#10 {main}
CRITICAL - 2021-10-17 10:30:33 --> Undefined index: alamat
#0 D:\xampp2\htdocs\ci4app\app\Views\Pages\contact.php(11): CodeIgniter\Debug\Exceptions->errorHandler(8, 'Undefined index...', 'D:\\xampp2\\htdoc...', 11, Array)
#1 D:\xampp2\htdocs\ci4app\vendor\codeigniter4\framework\system\View\View.php(214): include('D:\\xampp2\\htdoc...')
#2 D:\xampp2\htdocs\ci4app\vendor\codeigniter4\framework\system\View\View.php(217): CodeIgniter\View\View->CodeIgniter\View\{closure}()
#3 D:\xampp2\htdocs\ci4app\vendor\codeigniter4\framework\system\Common.php(1092): CodeIgniter\View\View->render('Pages/contact', Array, true)
#4 D:\xampp2\htdocs\ci4app\app\Controllers\Pages.php(43): view('Pages/contact', Array)
#5 D:\xampp2\htdocs\ci4app\vendor\codeigniter4\framework\system\CodeIgniter.php(802): App\Controllers\Pages->contact()
#6 D:\xampp2\htdocs\ci4app\vendor\codeigniter4\framework\system\CodeIgniter.php(399): CodeIgniter\CodeIgniter->runController(Object(App\Controllers\Pages))
#7 D:\xampp2\htdocs\ci4app\vendor\codeigniter4\framework\system\CodeIgniter.php(317): CodeIgniter\CodeIgniter->handleRequest(NULL, Object(Config\Cache), false)
#8 D:\xampp2\htdocs\ci4app\public\index.php(37): CodeIgniter\CodeIgniter->run()
#9 D:\xampp2\htdocs\ci4app\vendor\codeigniter4\framework\system\Commands\Server\rewrite.php(43): require_once('D:\\xampp2\\htdoc...')
#10 {main}
CRITICAL - 2021-10-17 10:30:40 --> Undefined index: alamat
#0 D:\xampp2\htdocs\ci4app\app\Views\Pages\contact.php(11): CodeIgniter\Debug\Exceptions->errorHandler(8, 'Undefined index...', 'D:\\xampp2\\htdoc...', 11, Array)
#1 D:\xampp2\htdocs\ci4app\vendor\codeigniter4\framework\system\View\View.php(214): include('D:\\xampp2\\htdoc...')
#2 D:\xampp2\htdocs\ci4app\vendor\codeigniter4\framework\system\View\View.php(217): CodeIgniter\View\View->CodeIgniter\View\{closure}()
#3 D:\xampp2\htdocs\ci4app\vendor\codeigniter4\framework\system\Common.php(1092): CodeIgniter\View\View->render('Pages/contact', Array, true)
#4 D:\xampp2\htdocs\ci4app\app\Controllers\Pages.php(43): view('Pages/contact', Array)
#5 D:\xampp2\htdocs\ci4app\vendor\codeigniter4\framework\system\CodeIgniter.php(802): App\Controllers\Pages->contact()
#6 D:\xampp2\htdocs\ci4app\vendor\codeigniter4\framework\system\CodeIgniter.php(399): CodeIgniter\CodeIgniter->runController(Object(App\Controllers\Pages))
#7 D:\xampp2\htdocs\ci4app\vendor\codeigniter4\framework\system\CodeIgniter.php(317): CodeIgniter\CodeIgniter->handleRequest(NULL, Object(Config\Cache), false)
#8 D:\xampp2\htdocs\ci4app\public\index.php(37): CodeIgniter\CodeIgniter->run()
#9 D:\xampp2\htdocs\ci4app\vendor\codeigniter4\framework\system\Commands\Server\rewrite.php(43): require_once('D:\\xampp2\\htdoc...')
#10 {main}
CRITICAL - 2021-10-17 10:33:05 --> Undefined index: alamat
#0 D:\xampp2\htdocs\ci4app\app\Views\Pages\contact.php(11): CodeIgniter\Debug\Exceptions->errorHandler(8, 'Undefined index...', 'D:\\xampp2\\htdoc...', 11, Array)
#1 D:\xampp2\htdocs\ci4app\vendor\codeigniter4\framework\system\View\View.php(214): include('D:\\xampp2\\htdoc...')
#2 D:\xampp2\htdocs\ci4app\vendor\codeigniter4\framework\system\View\View.php(217): CodeIgniter\View\View->CodeIgniter\View\{closure}()
#3 D:\xampp2\htdocs\ci4app\vendor\codeigniter4\framework\system\Common.php(1092): CodeIgniter\View\View->render('Pages/contact', Array, true)
#4 D:\xampp2\htdocs\ci4app\app\Controllers\Pages.php(43): view('Pages/contact', Array)
#5 D:\xampp2\htdocs\ci4app\vendor\codeigniter4\framework\system\CodeIgniter.php(802): App\Controllers\Pages->contact()
#6 D:\xampp2\htdocs\ci4app\vendor\codeigniter4\framework\system\CodeIgniter.php(399): CodeIgniter\CodeIgniter->runController(Object(App\Controllers\Pages))
#7 D:\xampp2\htdocs\ci4app\vendor\codeigniter4\framework\system\CodeIgniter.php(317): CodeIgniter\CodeIgniter->handleRequest(NULL, Object(Config\Cache), false)
#8 D:\xampp2\htdocs\ci4app\public\index.php(37): CodeIgniter\CodeIgniter->run()
#9 D:\xampp2\htdocs\ci4app\vendor\codeigniter4\framework\system\Commands\Server\rewrite.php(43): require_once('D:\\xampp2\\htdoc...')
#10 {main}
CRITICAL - 2021-10-17 10:33:48 --> Undefined index: kota
#0 D:\xampp2\htdocs\ci4app\app\Views\Pages\contact.php(12): CodeIgniter\Debug\Exceptions->errorHandler(8, 'Undefined index...', 'D:\\xampp2\\htdoc...', 12, Array)
#1 D:\xampp2\htdocs\ci4app\vendor\codeigniter4\framework\system\View\View.php(214): include('D:\\xampp2\\htdoc...')
#2 D:\xampp2\htdocs\ci4app\vendor\codeigniter4\framework\system\View\View.php(217): CodeIgniter\View\View->CodeIgniter\View\{closure}()
#3 D:\xampp2\htdocs\ci4app\vendor\codeigniter4\framework\system\Common.php(1092): CodeIgniter\View\View->render('Pages/contact', Array, true)
#4 D:\xampp2\htdocs\ci4app\app\Controllers\Pages.php(43): view('Pages/contact', Array)
#5 D:\xampp2\htdocs\ci4app\vendor\codeigniter4\framework\system\CodeIgniter.php(802): App\Controllers\Pages->contact()
#6 D:\xampp2\htdocs\ci4app\vendor\codeigniter4\framework\system\CodeIgniter.php(399): CodeIgniter\CodeIgniter->runController(Object(App\Controllers\Pages))
#7 D:\xampp2\htdocs\ci4app\vendor\codeigniter4\framework\system\CodeIgniter.php(317): CodeIgniter\CodeIgniter->handleRequest(NULL, Object(Config\Cache), false)
#8 D:\xampp2\htdocs\ci4app\public\index.php(37): CodeIgniter\CodeIgniter->run()
#9 D:\xampp2\htdocs\ci4app\vendor\codeigniter4\framework\system\Commands\Server\rewrite.php(43): require_once('D:\\xampp2\\htdoc...')
#10 {main}
