ERROR - 2021-10-20 10:03:40 --> Error connecting to the database: No connection could be made because the target machine actively refused it.

CRITICAL - 2021-10-20 10:03:40 --> Unable to connect to the database.
Main connection [MySQLi]: No connection could be made because the target machine actively refused it.

#0 D:\xampp2\htdocs\ci4app\vendor\codeigniter4\framework\system\Database\BaseConnection.php(570): CodeIgniter\Database\BaseConnection->initialize()
#1 D:\xampp2\htdocs\ci4app\vendor\codeigniter4\framework\system\Database\BaseBuilder.php(1428): CodeIgniter\Database\BaseConnection->query('SELECT *\nFROM `...', Array, false)
#2 D:\xampp2\htdocs\ci4app\vendor\codeigniter4\framework\system\Model.php(183): CodeIgniter\Database\BaseBuilder->get()
#3 D:\xampp2\htdocs\ci4app\vendor\codeigniter4\framework\system\BaseModel.php(584): CodeIgniter\Model->doFindAll(0, 0)
#4 D:\xampp2\htdocs\ci4app\app\Models\DiecastModel.php(15): CodeIgniter\BaseModel->findAll()
#5 D:\xampp2\htdocs\ci4app\app\Controllers\Diecast.php(21): App\Models\DiecastModel->getDiecast()
#6 D:\xampp2\htdocs\ci4app\vendor\codeigniter4\framework\system\CodeIgniter.php(802): App\Controllers\Diecast->index()
#7 D:\xampp2\htdocs\ci4app\vendor\codeigniter4\framework\system\CodeIgniter.php(399): CodeIgniter\CodeIgniter->runController(Object(App\Controllers\Diecast))
#8 D:\xampp2\htdocs\ci4app\vendor\codeigniter4\framework\system\CodeIgniter.php(317): CodeIgniter\CodeIgniter->handleRequest(NULL, Object(Config\Cache), false)
#9 D:\xampp2\htdocs\ci4app\public\index.php(37): CodeIgniter\CodeIgniter->run()
#10 D:\xampp2\htdocs\ci4app\vendor\codeigniter4\framework\system\Commands\Server\rewrite.php(43): require_once('D:\\xampp2\\htdoc...')
#11 {main}
ERROR - 2021-10-20 10:04:03 --> Error connecting to the database: No connection could be made because the target machine actively refused it.

CRITICAL - 2021-10-20 10:04:03 --> Unable to connect to the database.
Main connection [MySQLi]: No connection could be made because the target machine actively refused it.

#0 D:\xampp2\htdocs\ci4app\vendor\codeigniter4\framework\system\Database\BaseConnection.php(570): CodeIgniter\Database\BaseConnection->initialize()
#1 D:\xampp2\htdocs\ci4app\vendor\codeigniter4\framework\system\Database\BaseBuilder.php(1428): CodeIgniter\Database\BaseConnection->query('SELECT *\nFROM `...', Array, false)
#2 D:\xampp2\htdocs\ci4app\vendor\codeigniter4\framework\system\Model.php(183): CodeIgniter\Database\BaseBuilder->get()
#3 D:\xampp2\htdocs\ci4app\vendor\codeigniter4\framework\system\BaseModel.php(584): CodeIgniter\Model->doFindAll(0, 0)
#4 D:\xampp2\htdocs\ci4app\app\Models\DiecastModel.php(15): CodeIgniter\BaseModel->findAll()
#5 D:\xampp2\htdocs\ci4app\app\Controllers\Diecast.php(21): App\Models\DiecastModel->getDiecast()
#6 D:\xampp2\htdocs\ci4app\vendor\codeigniter4\framework\system\CodeIgniter.php(802): App\Controllers\Diecast->index()
#7 D:\xampp2\htdocs\ci4app\vendor\codeigniter4\framework\system\CodeIgniter.php(399): CodeIgniter\CodeIgniter->runController(Object(App\Controllers\Diecast))
#8 D:\xampp2\htdocs\ci4app\vendor\codeigniter4\framework\system\CodeIgniter.php(317): CodeIgniter\CodeIgniter->handleRequest(NULL, Object(Config\Cache), false)
#9 D:\xampp2\htdocs\ci4app\public\index.php(37): CodeIgniter\CodeIgniter->run()
#10 D:\xampp2\htdocs\ci4app\vendor\codeigniter4\framework\system\Commands\Server\rewrite.php(43): require_once('D:\\xampp2\\htdoc...')
#11 {main}
ERROR - 2021-10-20 10:04:14 --> Error connecting to the database: No connection could be made because the target machine actively refused it.

CRITICAL - 2021-10-20 10:04:14 --> Unable to connect to the database.
Main connection [MySQLi]: No connection could be made because the target machine actively refused it.

#0 D:\xampp2\htdocs\ci4app\vendor\codeigniter4\framework\system\Database\BaseConnection.php(570): CodeIgniter\Database\BaseConnection->initialize()
#1 D:\xampp2\htdocs\ci4app\vendor\codeigniter4\framework\system\Database\BaseBuilder.php(1428): CodeIgniter\Database\BaseConnection->query('SELECT *\nFROM `...', Array, false)
#2 D:\xampp2\htdocs\ci4app\vendor\codeigniter4\framework\system\Model.php(183): CodeIgniter\Database\BaseBuilder->get()
#3 D:\xampp2\htdocs\ci4app\vendor\codeigniter4\framework\system\BaseModel.php(584): CodeIgniter\Model->doFindAll(0, 0)
#4 D:\xampp2\htdocs\ci4app\app\Models\DiecastModel.php(15): CodeIgniter\BaseModel->findAll()
#5 D:\xampp2\htdocs\ci4app\app\Controllers\Diecast.php(21): App\Models\DiecastModel->getDiecast()
#6 D:\xampp2\htdocs\ci4app\vendor\codeigniter4\framework\system\CodeIgniter.php(802): App\Controllers\Diecast->index()
#7 D:\xampp2\htdocs\ci4app\vendor\codeigniter4\framework\system\CodeIgniter.php(399): CodeIgniter\CodeIgniter->runController(Object(App\Controllers\Diecast))
#8 D:\xampp2\htdocs\ci4app\vendor\codeigniter4\framework\system\CodeIgniter.php(317): CodeIgniter\CodeIgniter->handleRequest(NULL, Object(Config\Cache), false)
#9 D:\xampp2\htdocs\ci4app\public\index.php(37): CodeIgniter\CodeIgniter->run()
#10 D:\xampp2\htdocs\ci4app\vendor\codeigniter4\framework\system\Commands\Server\rewrite.php(43): require_once('D:\\xampp2\\htdoc...')
#11 {main}
ERROR - 2021-10-20 10:04:44 --> Error connecting to the database: No connection could be made because the target machine actively refused it.

CRITICAL - 2021-10-20 10:04:44 --> Unable to connect to the database.
Main connection [MySQLi]: No connection could be made because the target machine actively refused it.

#0 D:\xampp2\htdocs\ci4app\vendor\codeigniter4\framework\system\Database\BaseConnection.php(570): CodeIgniter\Database\BaseConnection->initialize()
#1 D:\xampp2\htdocs\ci4app\vendor\codeigniter4\framework\system\Database\BaseBuilder.php(1428): CodeIgniter\Database\BaseConnection->query('SELECT *\nFROM `...', Array, false)
#2 D:\xampp2\htdocs\ci4app\vendor\codeigniter4\framework\system\Model.php(183): CodeIgniter\Database\BaseBuilder->get()
#3 D:\xampp2\htdocs\ci4app\vendor\codeigniter4\framework\system\BaseModel.php(584): CodeIgniter\Model->doFindAll(0, 0)
#4 D:\xampp2\htdocs\ci4app\app\Models\DiecastModel.php(15): CodeIgniter\BaseModel->findAll()
#5 D:\xampp2\htdocs\ci4app\app\Controllers\Diecast.php(21): App\Models\DiecastModel->getDiecast()
#6 D:\xampp2\htdocs\ci4app\vendor\codeigniter4\framework\system\CodeIgniter.php(802): App\Controllers\Diecast->index()
#7 D:\xampp2\htdocs\ci4app\vendor\codeigniter4\framework\system\CodeIgniter.php(399): CodeIgniter\CodeIgniter->runController(Object(App\Controllers\Diecast))
#8 D:\xampp2\htdocs\ci4app\vendor\codeigniter4\framework\system\CodeIgniter.php(317): CodeIgniter\CodeIgniter->handleRequest(NULL, Object(Config\Cache), false)
#9 D:\xampp2\htdocs\ci4app\public\index.php(37): CodeIgniter\CodeIgniter->run()
#10 D:\xampp2\htdocs\ci4app\vendor\codeigniter4\framework\system\Commands\Server\rewrite.php(43): require_once('D:\\xampp2\\htdoc...')
#11 {main}
CRITICAL - 2021-10-20 10:13:54 --> Trying to access array offset on value of type null
#0 D:\xampp2\htdocs\ci4app\app\Views\diecast\detail.php(11): CodeIgniter\Debug\Exceptions->errorHandler(8, 'Trying to acces...', 'D:\\xampp2\\htdoc...', 11, Array)
#1 D:\xampp2\htdocs\ci4app\vendor\codeigniter4\framework\system\View\View.php(214): include('D:\\xampp2\\htdoc...')
#2 D:\xampp2\htdocs\ci4app\vendor\codeigniter4\framework\system\View\View.php(217): CodeIgniter\View\View->CodeIgniter\View\{closure}()
#3 D:\xampp2\htdocs\ci4app\vendor\codeigniter4\framework\system\Common.php(1092): CodeIgniter\View\View->render('diecast/detail', Array, true)
#4 D:\xampp2\htdocs\ci4app\app\Controllers\Diecast.php(37): view('diecast/detail', Array)
#5 D:\xampp2\htdocs\ci4app\vendor\codeigniter4\framework\system\CodeIgniter.php(802): App\Controllers\Diecast->detail('create')
#6 D:\xampp2\htdocs\ci4app\vendor\codeigniter4\framework\system\CodeIgniter.php(399): CodeIgniter\CodeIgniter->runController(Object(App\Controllers\Diecast))
#7 D:\xampp2\htdocs\ci4app\vendor\codeigniter4\framework\system\CodeIgniter.php(317): CodeIgniter\CodeIgniter->handleRequest(NULL, Object(Config\Cache), false)
#8 D:\xampp2\htdocs\ci4app\public\index.php(37): CodeIgniter\CodeIgniter->run()
#9 D:\xampp2\htdocs\ci4app\vendor\codeigniter4\framework\system\Commands\Server\rewrite.php(43): require_once('D:\\xampp2\\htdoc...')
#10 {main}
CRITICAL - 2021-10-20 10:14:11 --> Trying to access array offset on value of type null
#0 D:\xampp2\htdocs\ci4app\app\Views\diecast\detail.php(11): CodeIgniter\Debug\Exceptions->errorHandler(8, 'Trying to acces...', 'D:\\xampp2\\htdoc...', 11, Array)
#1 D:\xampp2\htdocs\ci4app\vendor\codeigniter4\framework\system\View\View.php(214): include('D:\\xampp2\\htdoc...')
#2 D:\xampp2\htdocs\ci4app\vendor\codeigniter4\framework\system\View\View.php(217): CodeIgniter\View\View->CodeIgniter\View\{closure}()
#3 D:\xampp2\htdocs\ci4app\vendor\codeigniter4\framework\system\Common.php(1092): CodeIgniter\View\View->render('diecast/detail', Array, true)
#4 D:\xampp2\htdocs\ci4app\app\Controllers\Diecast.php(37): view('diecast/detail', Array)
#5 D:\xampp2\htdocs\ci4app\vendor\codeigniter4\framework\system\CodeIgniter.php(802): App\Controllers\Diecast->detail('create')
#6 D:\xampp2\htdocs\ci4app\vendor\codeigniter4\framework\system\CodeIgniter.php(399): CodeIgniter\CodeIgniter->runController(Object(App\Controllers\Diecast))
#7 D:\xampp2\htdocs\ci4app\vendor\codeigniter4\framework\system\CodeIgniter.php(317): CodeIgniter\CodeIgniter->handleRequest(NULL, Object(Config\Cache), false)
#8 D:\xampp2\htdocs\ci4app\public\index.php(37): CodeIgniter\CodeIgniter->run()
#9 D:\xampp2\htdocs\ci4app\vendor\codeigniter4\framework\system\Commands\Server\rewrite.php(43): require_once('D:\\xampp2\\htdoc...')
#10 {main}
CRITICAL - 2021-10-20 10:16:09 --> Trying to access array offset on value of type null
#0 D:\xampp2\htdocs\ci4app\app\Views\diecast\detail.php(11): CodeIgniter\Debug\Exceptions->errorHandler(8, 'Trying to acces...', 'D:\\xampp2\\htdoc...', 11, Array)
#1 D:\xampp2\htdocs\ci4app\vendor\codeigniter4\framework\system\View\View.php(214): include('D:\\xampp2\\htdoc...')
#2 D:\xampp2\htdocs\ci4app\vendor\codeigniter4\framework\system\View\View.php(217): CodeIgniter\View\View->CodeIgniter\View\{closure}()
#3 D:\xampp2\htdocs\ci4app\vendor\codeigniter4\framework\system\Common.php(1092): CodeIgniter\View\View->render('diecast/detail', Array, true)
#4 D:\xampp2\htdocs\ci4app\app\Controllers\Diecast.php(37): view('diecast/detail', Array)
#5 D:\xampp2\htdocs\ci4app\vendor\codeigniter4\framework\system\CodeIgniter.php(802): App\Controllers\Diecast->detail('create')
#6 D:\xampp2\htdocs\ci4app\vendor\codeigniter4\framework\system\CodeIgniter.php(399): CodeIgniter\CodeIgniter->runController(Object(App\Controllers\Diecast))
#7 D:\xampp2\htdocs\ci4app\vendor\codeigniter4\framework\system\CodeIgniter.php(317): CodeIgniter\CodeIgniter->handleRequest(NULL, Object(Config\Cache), false)
#8 D:\xampp2\htdocs\ci4app\public\index.php(37): CodeIgniter\CodeIgniter->run()
#9 D:\xampp2\htdocs\ci4app\vendor\codeigniter4\framework\system\Commands\Server\rewrite.php(43): require_once('D:\\xampp2\\htdoc...')
#10 {main}
CRITICAL - 2021-10-20 10:21:03 --> Trying to access array offset on value of type null
#0 D:\xampp2\htdocs\ci4app\app\Views\diecast\detail.php(11): CodeIgniter\Debug\Exceptions->errorHandler(8, 'Trying to acces...', 'D:\\xampp2\\htdoc...', 11, Array)
#1 D:\xampp2\htdocs\ci4app\vendor\codeigniter4\framework\system\View\View.php(214): include('D:\\xampp2\\htdoc...')
#2 D:\xampp2\htdocs\ci4app\vendor\codeigniter4\framework\system\View\View.php(217): CodeIgniter\View\View->CodeIgniter\View\{closure}()
#3 D:\xampp2\htdocs\ci4app\vendor\codeigniter4\framework\system\Common.php(1092): CodeIgniter\View\View->render('diecast/detail', Array, true)
#4 D:\xampp2\htdocs\ci4app\app\Controllers\Diecast.php(37): view('diecast/detail', Array)
#5 D:\xampp2\htdocs\ci4app\vendor\codeigniter4\framework\system\CodeIgniter.php(802): App\Controllers\Diecast->detail('create')
#6 D:\xampp2\htdocs\ci4app\vendor\codeigniter4\framework\system\CodeIgniter.php(399): CodeIgniter\CodeIgniter->runController(Object(App\Controllers\Diecast))
#7 D:\xampp2\htdocs\ci4app\vendor\codeigniter4\framework\system\CodeIgniter.php(317): CodeIgniter\CodeIgniter->handleRequest(NULL, Object(Config\Cache), false)
#8 D:\xampp2\htdocs\ci4app\public\index.php(37): CodeIgniter\CodeIgniter->run()
#9 D:\xampp2\htdocs\ci4app\vendor\codeigniter4\framework\system\Commands\Server\rewrite.php(43): require_once('D:\\xampp2\\htdoc...')
#10 {main}
CRITICAL - 2021-10-20 10:22:00 --> Trying to access array offset on value of type null
#0 D:\xampp2\htdocs\ci4app\app\Views\diecast\detail.php(11): CodeIgniter\Debug\Exceptions->errorHandler(8, 'Trying to acces...', 'D:\\xampp2\\htdoc...', 11, Array)
#1 D:\xampp2\htdocs\ci4app\vendor\codeigniter4\framework\system\View\View.php(214): include('D:\\xampp2\\htdoc...')
#2 D:\xampp2\htdocs\ci4app\vendor\codeigniter4\framework\system\View\View.php(217): CodeIgniter\View\View->CodeIgniter\View\{closure}()
#3 D:\xampp2\htdocs\ci4app\vendor\codeigniter4\framework\system\Common.php(1092): CodeIgniter\View\View->render('diecast/detail', Array, true)
#4 D:\xampp2\htdocs\ci4app\app\Controllers\Diecast.php(37): view('diecast/detail', Array)
#5 D:\xampp2\htdocs\ci4app\vendor\codeigniter4\framework\system\CodeIgniter.php(802): App\Controllers\Diecast->detail('create')
#6 D:\xampp2\htdocs\ci4app\vendor\codeigniter4\framework\system\CodeIgniter.php(399): CodeIgniter\CodeIgniter->runController(Object(App\Controllers\Diecast))
#7 D:\xampp2\htdocs\ci4app\vendor\codeigniter4\framework\system\CodeIgniter.php(317): CodeIgniter\CodeIgniter->handleRequest(NULL, Object(Config\Cache), false)
#8 D:\xampp2\htdocs\ci4app\public\index.php(37): CodeIgniter\CodeIgniter->run()
#9 D:\xampp2\htdocs\ci4app\vendor\codeigniter4\framework\system\Commands\Server\rewrite.php(43): require_once('D:\\xampp2\\htdoc...')
#10 {main}
CRITICAL - 2021-10-20 10:23:27 --> Trying to access array offset on value of type null
#0 D:\xampp2\htdocs\ci4app\app\Views\diecast\detail.php(11): CodeIgniter\Debug\Exceptions->errorHandler(8, 'Trying to acces...', 'D:\\xampp2\\htdoc...', 11, Array)
#1 D:\xampp2\htdocs\ci4app\vendor\codeigniter4\framework\system\View\View.php(214): include('D:\\xampp2\\htdoc...')
#2 D:\xampp2\htdocs\ci4app\vendor\codeigniter4\framework\system\View\View.php(217): CodeIgniter\View\View->CodeIgniter\View\{closure}()
#3 D:\xampp2\htdocs\ci4app\vendor\codeigniter4\framework\system\Common.php(1092): CodeIgniter\View\View->render('diecast/detail', Array, true)
#4 D:\xampp2\htdocs\ci4app\app\Controllers\Diecast.php(37): view('diecast/detail', Array)
#5 D:\xampp2\htdocs\ci4app\vendor\codeigniter4\framework\system\CodeIgniter.php(802): App\Controllers\Diecast->detail('create')
#6 D:\xampp2\htdocs\ci4app\vendor\codeigniter4\framework\system\CodeIgniter.php(399): CodeIgniter\CodeIgniter->runController(Object(App\Controllers\Diecast))
#7 D:\xampp2\htdocs\ci4app\vendor\codeigniter4\framework\system\CodeIgniter.php(317): CodeIgniter\CodeIgniter->handleRequest(NULL, Object(Config\Cache), false)
#8 D:\xampp2\htdocs\ci4app\public\index.php(37): CodeIgniter\CodeIgniter->run()
#9 D:\xampp2\htdocs\ci4app\vendor\codeigniter4\framework\system\Commands\Server\rewrite.php(43): require_once('D:\\xampp2\\htdoc...')
#10 {main}
CRITICAL - 2021-10-20 10:23:32 --> Trying to access array offset on value of type null
#0 D:\xampp2\htdocs\ci4app\app\Views\diecast\detail.php(11): CodeIgniter\Debug\Exceptions->errorHandler(8, 'Trying to acces...', 'D:\\xampp2\\htdoc...', 11, Array)
#1 D:\xampp2\htdocs\ci4app\vendor\codeigniter4\framework\system\View\View.php(214): include('D:\\xampp2\\htdoc...')
#2 D:\xampp2\htdocs\ci4app\vendor\codeigniter4\framework\system\View\View.php(217): CodeIgniter\View\View->CodeIgniter\View\{closure}()
#3 D:\xampp2\htdocs\ci4app\vendor\codeigniter4\framework\system\Common.php(1092): CodeIgniter\View\View->render('diecast/detail', Array, true)
#4 D:\xampp2\htdocs\ci4app\app\Controllers\Diecast.php(37): view('diecast/detail', Array)
#5 D:\xampp2\htdocs\ci4app\vendor\codeigniter4\framework\system\CodeIgniter.php(802): App\Controllers\Diecast->detail('create')
#6 D:\xampp2\htdocs\ci4app\vendor\codeigniter4\framework\system\CodeIgniter.php(399): CodeIgniter\CodeIgniter->runController(Object(App\Controllers\Diecast))
#7 D:\xampp2\htdocs\ci4app\vendor\codeigniter4\framework\system\CodeIgniter.php(317): CodeIgniter\CodeIgniter->handleRequest(NULL, Object(Config\Cache), false)
#8 D:\xampp2\htdocs\ci4app\public\index.php(37): CodeIgniter\CodeIgniter->run()
#9 D:\xampp2\htdocs\ci4app\vendor\codeigniter4\framework\system\Commands\Server\rewrite.php(43): require_once('D:\\xampp2\\htdoc...')
#10 {main}
CRITICAL - 2021-10-20 10:24:49 --> Trying to access array offset on value of type null
#0 D:\xampp2\htdocs\ci4app\app\Views\diecast\detail.php(11): CodeIgniter\Debug\Exceptions->errorHandler(8, 'Trying to acces...', 'D:\\xampp2\\htdoc...', 11, Array)
#1 D:\xampp2\htdocs\ci4app\vendor\codeigniter4\framework\system\View\View.php(214): include('D:\\xampp2\\htdoc...')
#2 D:\xampp2\htdocs\ci4app\vendor\codeigniter4\framework\system\View\View.php(217): CodeIgniter\View\View->CodeIgniter\View\{closure}()
#3 D:\xampp2\htdocs\ci4app\vendor\codeigniter4\framework\system\Common.php(1092): CodeIgniter\View\View->render('diecast/detail', Array, true)
#4 D:\xampp2\htdocs\ci4app\app\Controllers\Diecast.php(37): view('diecast/detail', Array)
#5 D:\xampp2\htdocs\ci4app\vendor\codeigniter4\framework\system\CodeIgniter.php(802): App\Controllers\Diecast->detail('create')
#6 D:\xampp2\htdocs\ci4app\vendor\codeigniter4\framework\system\CodeIgniter.php(399): CodeIgniter\CodeIgniter->runController(Object(App\Controllers\Diecast))
#7 D:\xampp2\htdocs\ci4app\vendor\codeigniter4\framework\system\CodeIgniter.php(317): CodeIgniter\CodeIgniter->handleRequest(NULL, Object(Config\Cache), false)
#8 D:\xampp2\htdocs\ci4app\public\index.php(37): CodeIgniter\CodeIgniter->run()
#9 D:\xampp2\htdocs\ci4app\vendor\codeigniter4\framework\system\Commands\Server\rewrite.php(43): require_once('D:\\xampp2\\htdoc...')
#10 {main}
CRITICAL - 2021-10-20 10:27:00 --> Trying to access array offset on value of type null
#0 D:\xampp2\htdocs\ci4app\app\Views\diecast\detail.php(11): CodeIgniter\Debug\Exceptions->errorHandler(8, 'Trying to acces...', 'D:\\xampp2\\htdoc...', 11, Array)
#1 D:\xampp2\htdocs\ci4app\vendor\codeigniter4\framework\system\View\View.php(214): include('D:\\xampp2\\htdoc...')
#2 D:\xampp2\htdocs\ci4app\vendor\codeigniter4\framework\system\View\View.php(217): CodeIgniter\View\View->CodeIgniter\View\{closure}()
#3 D:\xampp2\htdocs\ci4app\vendor\codeigniter4\framework\system\Common.php(1092): CodeIgniter\View\View->render('diecast/detail', Array, true)
#4 D:\xampp2\htdocs\ci4app\app\Controllers\Diecast.php(37): view('diecast/detail', Array)
#5 D:\xampp2\htdocs\ci4app\vendor\codeigniter4\framework\system\CodeIgniter.php(802): App\Controllers\Diecast->detail('create')
#6 D:\xampp2\htdocs\ci4app\vendor\codeigniter4\framework\system\CodeIgniter.php(399): CodeIgniter\CodeIgniter->runController(Object(App\Controllers\Diecast))
#7 D:\xampp2\htdocs\ci4app\vendor\codeigniter4\framework\system\CodeIgniter.php(317): CodeIgniter\CodeIgniter->handleRequest(NULL, Object(Config\Cache), false)
#8 D:\xampp2\htdocs\ci4app\public\index.php(37): CodeIgniter\CodeIgniter->run()
#9 D:\xampp2\htdocs\ci4app\vendor\codeigniter4\framework\system\Commands\Server\rewrite.php(43): require_once('D:\\xampp2\\htdoc...')
#10 {main}
CRITICAL - 2021-10-20 10:27:01 --> Trying to access array offset on value of type null
#0 D:\xampp2\htdocs\ci4app\app\Views\diecast\detail.php(11): CodeIgniter\Debug\Exceptions->errorHandler(8, 'Trying to acces...', 'D:\\xampp2\\htdoc...', 11, Array)
#1 D:\xampp2\htdocs\ci4app\vendor\codeigniter4\framework\system\View\View.php(214): include('D:\\xampp2\\htdoc...')
#2 D:\xampp2\htdocs\ci4app\vendor\codeigniter4\framework\system\View\View.php(217): CodeIgniter\View\View->CodeIgniter\View\{closure}()
#3 D:\xampp2\htdocs\ci4app\vendor\codeigniter4\framework\system\Common.php(1092): CodeIgniter\View\View->render('diecast/detail', Array, true)
#4 D:\xampp2\htdocs\ci4app\app\Controllers\Diecast.php(37): view('diecast/detail', Array)
#5 D:\xampp2\htdocs\ci4app\vendor\codeigniter4\framework\system\CodeIgniter.php(802): App\Controllers\Diecast->detail('create')
#6 D:\xampp2\htdocs\ci4app\vendor\codeigniter4\framework\system\CodeIgniter.php(399): CodeIgniter\CodeIgniter->runController(Object(App\Controllers\Diecast))
#7 D:\xampp2\htdocs\ci4app\vendor\codeigniter4\framework\system\CodeIgniter.php(317): CodeIgniter\CodeIgniter->handleRequest(NULL, Object(Config\Cache), false)
#8 D:\xampp2\htdocs\ci4app\public\index.php(37): CodeIgniter\CodeIgniter->run()
#9 D:\xampp2\htdocs\ci4app\vendor\codeigniter4\framework\system\Commands\Server\rewrite.php(43): require_once('D:\\xampp2\\htdoc...')
#10 {main}
CRITICAL - 2021-10-20 10:27:07 --> Trying to access array offset on value of type null
#0 D:\xampp2\htdocs\ci4app\app\Views\diecast\detail.php(11): CodeIgniter\Debug\Exceptions->errorHandler(8, 'Trying to acces...', 'D:\\xampp2\\htdoc...', 11, Array)
#1 D:\xampp2\htdocs\ci4app\vendor\codeigniter4\framework\system\View\View.php(214): include('D:\\xampp2\\htdoc...')
#2 D:\xampp2\htdocs\ci4app\vendor\codeigniter4\framework\system\View\View.php(217): CodeIgniter\View\View->CodeIgniter\View\{closure}()
#3 D:\xampp2\htdocs\ci4app\vendor\codeigniter4\framework\system\Common.php(1092): CodeIgniter\View\View->render('diecast/detail', Array, true)
#4 D:\xampp2\htdocs\ci4app\app\Controllers\Diecast.php(37): view('diecast/detail', Array)
#5 D:\xampp2\htdocs\ci4app\vendor\codeigniter4\framework\system\CodeIgniter.php(802): App\Controllers\Diecast->detail('create')
#6 D:\xampp2\htdocs\ci4app\vendor\codeigniter4\framework\system\CodeIgniter.php(399): CodeIgniter\CodeIgniter->runController(Object(App\Controllers\Diecast))
#7 D:\xampp2\htdocs\ci4app\vendor\codeigniter4\framework\system\CodeIgniter.php(317): CodeIgniter\CodeIgniter->handleRequest(NULL, Object(Config\Cache), false)
#8 D:\xampp2\htdocs\ci4app\public\index.php(37): CodeIgniter\CodeIgniter->run()
#9 D:\xampp2\htdocs\ci4app\vendor\codeigniter4\framework\system\Commands\Server\rewrite.php(43): require_once('D:\\xampp2\\htdoc...')
#10 {main}
CRITICAL - 2021-10-20 10:29:38 --> Trying to access array offset on value of type null
#0 D:\xampp2\htdocs\ci4app\app\Views\diecast\detail.php(11): CodeIgniter\Debug\Exceptions->errorHandler(8, 'Trying to acces...', 'D:\\xampp2\\htdoc...', 11, Array)
#1 D:\xampp2\htdocs\ci4app\vendor\codeigniter4\framework\system\View\View.php(214): include('D:\\xampp2\\htdoc...')
#2 D:\xampp2\htdocs\ci4app\vendor\codeigniter4\framework\system\View\View.php(217): CodeIgniter\View\View->CodeIgniter\View\{closure}()
#3 D:\xampp2\htdocs\ci4app\vendor\codeigniter4\framework\system\Common.php(1092): CodeIgniter\View\View->render('diecast/detail', Array, true)
#4 D:\xampp2\htdocs\ci4app\app\Controllers\Diecast.php(37): view('diecast/detail', Array)
#5 D:\xampp2\htdocs\ci4app\vendor\codeigniter4\framework\system\CodeIgniter.php(802): App\Controllers\Diecast->detail('create')
#6 D:\xampp2\htdocs\ci4app\vendor\codeigniter4\framework\system\CodeIgniter.php(399): CodeIgniter\CodeIgniter->runController(Object(App\Controllers\Diecast))
#7 D:\xampp2\htdocs\ci4app\vendor\codeigniter4\framework\system\CodeIgniter.php(317): CodeIgniter\CodeIgniter->handleRequest(NULL, Object(Config\Cache), false)
#8 D:\xampp2\htdocs\ci4app\public\index.php(37): CodeIgniter\CodeIgniter->run()
#9 D:\xampp2\htdocs\ci4app\vendor\codeigniter4\framework\system\Commands\Server\rewrite.php(43): require_once('D:\\xampp2\\htdoc...')
#10 {main}
CRITICAL - 2021-10-20 10:31:10 --> Trying to access array offset on value of type null
#0 D:\xampp2\htdocs\ci4app\app\Views\diecast\detail.php(11): CodeIgniter\Debug\Exceptions->errorHandler(8, 'Trying to acces...', 'D:\\xampp2\\htdoc...', 11, Array)
#1 D:\xampp2\htdocs\ci4app\vendor\codeigniter4\framework\system\View\View.php(214): include('D:\\xampp2\\htdoc...')
#2 D:\xampp2\htdocs\ci4app\vendor\codeigniter4\framework\system\View\View.php(217): CodeIgniter\View\View->CodeIgniter\View\{closure}()
#3 D:\xampp2\htdocs\ci4app\vendor\codeigniter4\framework\system\Common.php(1092): CodeIgniter\View\View->render('diecast/detail', Array, true)
#4 D:\xampp2\htdocs\ci4app\app\Controllers\Diecast.php(37): view('diecast/detail', Array)
#5 D:\xampp2\htdocs\ci4app\vendor\codeigniter4\framework\system\CodeIgniter.php(802): App\Controllers\Diecast->detail('create')
#6 D:\xampp2\htdocs\ci4app\vendor\codeigniter4\framework\system\CodeIgniter.php(399): CodeIgniter\CodeIgniter->runController(Object(App\Controllers\Diecast))
#7 D:\xampp2\htdocs\ci4app\vendor\codeigniter4\framework\system\CodeIgniter.php(317): CodeIgniter\CodeIgniter->handleRequest(NULL, Object(Config\Cache), false)
#8 D:\xampp2\htdocs\ci4app\public\index.php(37): CodeIgniter\CodeIgniter->run()
#9 D:\xampp2\htdocs\ci4app\vendor\codeigniter4\framework\system\Commands\Server\rewrite.php(43): require_once('D:\\xampp2\\htdoc...')
#10 {main}
CRITICAL - 2021-10-20 10:33:54 --> Trying to access array offset on value of type null
#0 D:\xampp2\htdocs\ci4app\app\Views\diecast\detail.php(11): CodeIgniter\Debug\Exceptions->errorHandler(8, 'Trying to acces...', 'D:\\xampp2\\htdoc...', 11, Array)
#1 D:\xampp2\htdocs\ci4app\vendor\codeigniter4\framework\system\View\View.php(214): include('D:\\xampp2\\htdoc...')
#2 D:\xampp2\htdocs\ci4app\vendor\codeigniter4\framework\system\View\View.php(217): CodeIgniter\View\View->CodeIgniter\View\{closure}()
#3 D:\xampp2\htdocs\ci4app\vendor\codeigniter4\framework\system\Common.php(1092): CodeIgniter\View\View->render('diecast/detail', Array, true)
#4 D:\xampp2\htdocs\ci4app\app\Controllers\Diecast.php(37): view('diecast/detail', Array)
#5 D:\xampp2\htdocs\ci4app\vendor\codeigniter4\framework\system\CodeIgniter.php(802): App\Controllers\Diecast->detail('create')
#6 D:\xampp2\htdocs\ci4app\vendor\codeigniter4\framework\system\CodeIgniter.php(399): CodeIgniter\CodeIgniter->runController(Object(App\Controllers\Diecast))
#7 D:\xampp2\htdocs\ci4app\vendor\codeigniter4\framework\system\CodeIgniter.php(317): CodeIgniter\CodeIgniter->handleRequest(NULL, Object(Config\Cache), false)
#8 D:\xampp2\htdocs\ci4app\public\index.php(37): CodeIgniter\CodeIgniter->run()
#9 D:\xampp2\htdocs\ci4app\vendor\codeigniter4\framework\system\Commands\Server\rewrite.php(43): require_once('D:\\xampp2\\htdoc...')
#10 {main}
CRITICAL - 2021-10-20 10:34:30 --> Trying to access array offset on value of type null
#0 D:\xampp2\htdocs\ci4app\app\Views\diecast\detail.php(11): CodeIgniter\Debug\Exceptions->errorHandler(8, 'Trying to acces...', 'D:\\xampp2\\htdoc...', 11, Array)
#1 D:\xampp2\htdocs\ci4app\vendor\codeigniter4\framework\system\View\View.php(214): include('D:\\xampp2\\htdoc...')
#2 D:\xampp2\htdocs\ci4app\vendor\codeigniter4\framework\system\View\View.php(217): CodeIgniter\View\View->CodeIgniter\View\{closure}()
#3 D:\xampp2\htdocs\ci4app\vendor\codeigniter4\framework\system\Common.php(1092): CodeIgniter\View\View->render('diecast/detail', Array, true)
#4 D:\xampp2\htdocs\ci4app\app\Controllers\Diecast.php(37): view('diecast/detail', Array)
#5 D:\xampp2\htdocs\ci4app\vendor\codeigniter4\framework\system\CodeIgniter.php(802): App\Controllers\Diecast->detail('create')
#6 D:\xampp2\htdocs\ci4app\vendor\codeigniter4\framework\system\CodeIgniter.php(399): CodeIgniter\CodeIgniter->runController(Object(App\Controllers\Diecast))
#7 D:\xampp2\htdocs\ci4app\vendor\codeigniter4\framework\system\CodeIgniter.php(317): CodeIgniter\CodeIgniter->handleRequest(NULL, Object(Config\Cache), false)
#8 D:\xampp2\htdocs\ci4app\public\index.php(37): CodeIgniter\CodeIgniter->run()
#9 D:\xampp2\htdocs\ci4app\vendor\codeigniter4\framework\system\Commands\Server\rewrite.php(43): require_once('D:\\xampp2\\htdoc...')
#10 {main}
CRITICAL - 2021-10-20 10:34:34 --> Trying to access array offset on value of type null
#0 D:\xampp2\htdocs\ci4app\app\Views\diecast\detail.php(11): CodeIgniter\Debug\Exceptions->errorHandler(8, 'Trying to acces...', 'D:\\xampp2\\htdoc...', 11, Array)
#1 D:\xampp2\htdocs\ci4app\vendor\codeigniter4\framework\system\View\View.php(214): include('D:\\xampp2\\htdoc...')
#2 D:\xampp2\htdocs\ci4app\vendor\codeigniter4\framework\system\View\View.php(217): CodeIgniter\View\View->CodeIgniter\View\{closure}()
#3 D:\xampp2\htdocs\ci4app\vendor\codeigniter4\framework\system\Common.php(1092): CodeIgniter\View\View->render('diecast/detail', Array, true)
#4 D:\xampp2\htdocs\ci4app\app\Controllers\Diecast.php(37): view('diecast/detail', Array)
#5 D:\xampp2\htdocs\ci4app\vendor\codeigniter4\framework\system\CodeIgniter.php(802): App\Controllers\Diecast->detail('create')
#6 D:\xampp2\htdocs\ci4app\vendor\codeigniter4\framework\system\CodeIgniter.php(399): CodeIgniter\CodeIgniter->runController(Object(App\Controllers\Diecast))
#7 D:\xampp2\htdocs\ci4app\vendor\codeigniter4\framework\system\CodeIgniter.php(317): CodeIgniter\CodeIgniter->handleRequest(NULL, Object(Config\Cache), false)
#8 D:\xampp2\htdocs\ci4app\public\index.php(37): CodeIgniter\CodeIgniter->run()
#9 D:\xampp2\htdocs\ci4app\vendor\codeigniter4\framework\system\Commands\Server\rewrite.php(43): require_once('D:\\xampp2\\htdoc...')
#10 {main}
CRITICAL - 2021-10-20 10:36:00 --> Trying to access array offset on value of type null
#0 D:\xampp2\htdocs\ci4app\app\Views\diecast\detail.php(11): CodeIgniter\Debug\Exceptions->errorHandler(8, 'Trying to acces...', 'D:\\xampp2\\htdoc...', 11, Array)
#1 D:\xampp2\htdocs\ci4app\vendor\codeigniter4\framework\system\View\View.php(214): include('D:\\xampp2\\htdoc...')
#2 D:\xampp2\htdocs\ci4app\vendor\codeigniter4\framework\system\View\View.php(217): CodeIgniter\View\View->CodeIgniter\View\{closure}()
#3 D:\xampp2\htdocs\ci4app\vendor\codeigniter4\framework\system\Common.php(1092): CodeIgniter\View\View->render('diecast/detail', Array, true)
#4 D:\xampp2\htdocs\ci4app\app\Controllers\Diecast.php(37): view('diecast/detail', Array)
#5 D:\xampp2\htdocs\ci4app\vendor\codeigniter4\framework\system\CodeIgniter.php(802): App\Controllers\Diecast->detail('create')
#6 D:\xampp2\htdocs\ci4app\vendor\codeigniter4\framework\system\CodeIgniter.php(399): CodeIgniter\CodeIgniter->runController(Object(App\Controllers\Diecast))
#7 D:\xampp2\htdocs\ci4app\vendor\codeigniter4\framework\system\CodeIgniter.php(317): CodeIgniter\CodeIgniter->handleRequest(NULL, Object(Config\Cache), false)
#8 D:\xampp2\htdocs\ci4app\public\index.php(37): CodeIgniter\CodeIgniter->run()
#9 D:\xampp2\htdocs\ci4app\vendor\codeigniter4\framework\system\Commands\Server\rewrite.php(43): require_once('D:\\xampp2\\htdoc...')
#10 {main}
CRITICAL - 2021-10-20 10:41:17 --> Trying to access array offset on value of type null
#0 D:\xampp2\htdocs\ci4app\app\Views\diecast\detail.php(11): CodeIgniter\Debug\Exceptions->errorHandler(8, 'Trying to acces...', 'D:\\xampp2\\htdoc...', 11, Array)
#1 D:\xampp2\htdocs\ci4app\vendor\codeigniter4\framework\system\View\View.php(214): include('D:\\xampp2\\htdoc...')
#2 D:\xampp2\htdocs\ci4app\vendor\codeigniter4\framework\system\View\View.php(217): CodeIgniter\View\View->CodeIgniter\View\{closure}()
#3 D:\xampp2\htdocs\ci4app\vendor\codeigniter4\framework\system\Common.php(1092): CodeIgniter\View\View->render('diecast/detail', Array, true)
#4 D:\xampp2\htdocs\ci4app\app\Controllers\Diecast.php(37): view('diecast/detail', Array)
#5 D:\xampp2\htdocs\ci4app\vendor\codeigniter4\framework\system\CodeIgniter.php(802): App\Controllers\Diecast->detail('create')
#6 D:\xampp2\htdocs\ci4app\vendor\codeigniter4\framework\system\CodeIgniter.php(399): CodeIgniter\CodeIgniter->runController(Object(App\Controllers\Diecast))
#7 D:\xampp2\htdocs\ci4app\vendor\codeigniter4\framework\system\CodeIgniter.php(317): CodeIgniter\CodeIgniter->handleRequest(NULL, Object(Config\Cache), false)
#8 D:\xampp2\htdocs\ci4app\public\index.php(37): CodeIgniter\CodeIgniter->run()
#9 D:\xampp2\htdocs\ci4app\vendor\codeigniter4\framework\system\Commands\Server\rewrite.php(43): require_once('D:\\xampp2\\htdoc...')
#10 {main}
CRITICAL - 2021-10-20 10:44:13 --> Trying to access array offset on value of type null
#0 D:\xampp2\htdocs\ci4app\app\Views\diecast\detail.php(11): CodeIgniter\Debug\Exceptions->errorHandler(8, 'Trying to acces...', 'D:\\xampp2\\htdoc...', 11, Array)
#1 D:\xampp2\htdocs\ci4app\vendor\codeigniter4\framework\system\View\View.php(214): include('D:\\xampp2\\htdoc...')
#2 D:\xampp2\htdocs\ci4app\vendor\codeigniter4\framework\system\View\View.php(217): CodeIgniter\View\View->CodeIgniter\View\{closure}()
#3 D:\xampp2\htdocs\ci4app\vendor\codeigniter4\framework\system\Common.php(1092): CodeIgniter\View\View->render('diecast/detail', Array, true)
#4 D:\xampp2\htdocs\ci4app\app\Controllers\Diecast.php(37): view('diecast/detail', Array)
#5 D:\xampp2\htdocs\ci4app\vendor\codeigniter4\framework\system\CodeIgniter.php(802): App\Controllers\Diecast->detail('create')
#6 D:\xampp2\htdocs\ci4app\vendor\codeigniter4\framework\system\CodeIgniter.php(399): CodeIgniter\CodeIgniter->runController(Object(App\Controllers\Diecast))
#7 D:\xampp2\htdocs\ci4app\vendor\codeigniter4\framework\system\CodeIgniter.php(317): CodeIgniter\CodeIgniter->handleRequest(NULL, Object(Config\Cache), false)
#8 D:\xampp2\htdocs\ci4app\public\index.php(37): CodeIgniter\CodeIgniter->run()
#9 D:\xampp2\htdocs\ci4app\vendor\codeigniter4\framework\system\Commands\Server\rewrite.php(43): require_once('D:\\xampp2\\htdoc...')
#10 {main}
CRITICAL - 2021-10-20 10:47:00 --> Trying to access array offset on value of type null
#0 D:\xampp2\htdocs\ci4app\app\Views\diecast\detail.php(11): CodeIgniter\Debug\Exceptions->errorHandler(8, 'Trying to acces...', 'D:\\xampp2\\htdoc...', 11, Array)
#1 D:\xampp2\htdocs\ci4app\vendor\codeigniter4\framework\system\View\View.php(214): include('D:\\xampp2\\htdoc...')
#2 D:\xampp2\htdocs\ci4app\vendor\codeigniter4\framework\system\View\View.php(217): CodeIgniter\View\View->CodeIgniter\View\{closure}()
#3 D:\xampp2\htdocs\ci4app\vendor\codeigniter4\framework\system\Common.php(1092): CodeIgniter\View\View->render('diecast/detail', Array, true)
#4 D:\xampp2\htdocs\ci4app\app\Controllers\Diecast.php(37): view('diecast/detail', Array)
#5 D:\xampp2\htdocs\ci4app\vendor\codeigniter4\framework\system\CodeIgniter.php(802): App\Controllers\Diecast->detail('create')
#6 D:\xampp2\htdocs\ci4app\vendor\codeigniter4\framework\system\CodeIgniter.php(399): CodeIgniter\CodeIgniter->runController(Object(App\Controllers\Diecast))
#7 D:\xampp2\htdocs\ci4app\vendor\codeigniter4\framework\system\CodeIgniter.php(317): CodeIgniter\CodeIgniter->handleRequest(NULL, Object(Config\Cache), false)
#8 D:\xampp2\htdocs\ci4app\public\index.php(37): CodeIgniter\CodeIgniter->run()
#9 D:\xampp2\htdocs\ci4app\vendor\codeigniter4\framework\system\Commands\Server\rewrite.php(43): require_once('D:\\xampp2\\htdoc...')
#10 {main}
CRITICAL - 2021-10-20 10:47:04 --> Trying to access array offset on value of type null
#0 D:\xampp2\htdocs\ci4app\app\Views\diecast\detail.php(11): CodeIgniter\Debug\Exceptions->errorHandler(8, 'Trying to acces...', 'D:\\xampp2\\htdoc...', 11, Array)
#1 D:\xampp2\htdocs\ci4app\vendor\codeigniter4\framework\system\View\View.php(214): include('D:\\xampp2\\htdoc...')
#2 D:\xampp2\htdocs\ci4app\vendor\codeigniter4\framework\system\View\View.php(217): CodeIgniter\View\View->CodeIgniter\View\{closure}()
#3 D:\xampp2\htdocs\ci4app\vendor\codeigniter4\framework\system\Common.php(1092): CodeIgniter\View\View->render('diecast/detail', Array, true)
#4 D:\xampp2\htdocs\ci4app\app\Controllers\Diecast.php(37): view('diecast/detail', Array)
#5 D:\xampp2\htdocs\ci4app\vendor\codeigniter4\framework\system\CodeIgniter.php(802): App\Controllers\Diecast->detail('create')
#6 D:\xampp2\htdocs\ci4app\vendor\codeigniter4\framework\system\CodeIgniter.php(399): CodeIgniter\CodeIgniter->runController(Object(App\Controllers\Diecast))
#7 D:\xampp2\htdocs\ci4app\vendor\codeigniter4\framework\system\CodeIgniter.php(317): CodeIgniter\CodeIgniter->handleRequest(NULL, Object(Config\Cache), false)
#8 D:\xampp2\htdocs\ci4app\public\index.php(37): CodeIgniter\CodeIgniter->run()
#9 D:\xampp2\htdocs\ci4app\vendor\codeigniter4\framework\system\Commands\Server\rewrite.php(43): require_once('D:\\xampp2\\htdoc...')
#10 {main}
CRITICAL - 2021-10-20 10:48:10 --> Trying to access array offset on value of type null
#0 D:\xampp2\htdocs\ci4app\app\Views\diecast\detail.php(11): CodeIgniter\Debug\Exceptions->errorHandler(8, 'Trying to acces...', 'D:\\xampp2\\htdoc...', 11, Array)
#1 D:\xampp2\htdocs\ci4app\vendor\codeigniter4\framework\system\View\View.php(214): include('D:\\xampp2\\htdoc...')
#2 D:\xampp2\htdocs\ci4app\vendor\codeigniter4\framework\system\View\View.php(217): CodeIgniter\View\View->CodeIgniter\View\{closure}()
#3 D:\xampp2\htdocs\ci4app\vendor\codeigniter4\framework\system\Common.php(1092): CodeIgniter\View\View->render('diecast/detail', Array, true)
#4 D:\xampp2\htdocs\ci4app\app\Controllers\Diecast.php(37): view('diecast/detail', Array)
#5 D:\xampp2\htdocs\ci4app\vendor\codeigniter4\framework\system\CodeIgniter.php(802): App\Controllers\Diecast->detail('create')
#6 D:\xampp2\htdocs\ci4app\vendor\codeigniter4\framework\system\CodeIgniter.php(399): CodeIgniter\CodeIgniter->runController(Object(App\Controllers\Diecast))
#7 D:\xampp2\htdocs\ci4app\vendor\codeigniter4\framework\system\CodeIgniter.php(317): CodeIgniter\CodeIgniter->handleRequest(NULL, Object(Config\Cache), false)
#8 D:\xampp2\htdocs\ci4app\public\index.php(37): CodeIgniter\CodeIgniter->run()
#9 D:\xampp2\htdocs\ci4app\vendor\codeigniter4\framework\system\Commands\Server\rewrite.php(43): require_once('D:\\xampp2\\htdoc...')
#10 {main}
CRITICAL - 2021-10-20 10:54:20 --> Trying to access array offset on value of type null
#0 D:\xampp2\htdocs\ci4app\app\Views\diecast\detail.php(11): CodeIgniter\Debug\Exceptions->errorHandler(8, 'Trying to acces...', 'D:\\xampp2\\htdoc...', 11, Array)
#1 D:\xampp2\htdocs\ci4app\vendor\codeigniter4\framework\system\View\View.php(214): include('D:\\xampp2\\htdoc...')
#2 D:\xampp2\htdocs\ci4app\vendor\codeigniter4\framework\system\View\View.php(217): CodeIgniter\View\View->CodeIgniter\View\{closure}()
#3 D:\xampp2\htdocs\ci4app\vendor\codeigniter4\framework\system\Common.php(1092): CodeIgniter\View\View->render('diecast/detail', Array, true)
#4 D:\xampp2\htdocs\ci4app\app\Controllers\Diecast.php(37): view('diecast/detail', Array)
#5 D:\xampp2\htdocs\ci4app\vendor\codeigniter4\framework\system\CodeIgniter.php(802): App\Controllers\Diecast->detail('create')
#6 D:\xampp2\htdocs\ci4app\vendor\codeigniter4\framework\system\CodeIgniter.php(399): CodeIgniter\CodeIgniter->runController(Object(App\Controllers\Diecast))
#7 D:\xampp2\htdocs\ci4app\vendor\codeigniter4\framework\system\CodeIgniter.php(317): CodeIgniter\CodeIgniter->handleRequest(NULL, Object(Config\Cache), false)
#8 D:\xampp2\htdocs\ci4app\public\index.php(37): CodeIgniter\CodeIgniter->run()
#9 D:\xampp2\htdocs\ci4app\vendor\codeigniter4\framework\system\Commands\Server\rewrite.php(43): require_once('D:\\xampp2\\htdoc...')
#10 {main}
CRITICAL - 2021-10-20 10:54:31 --> Trying to access array offset on value of type null
#0 D:\xampp2\htdocs\ci4app\app\Views\diecast\detail.php(11): CodeIgniter\Debug\Exceptions->errorHandler(8, 'Trying to acces...', 'D:\\xampp2\\htdoc...', 11, Array)
#1 D:\xampp2\htdocs\ci4app\vendor\codeigniter4\framework\system\View\View.php(214): include('D:\\xampp2\\htdoc...')
#2 D:\xampp2\htdocs\ci4app\vendor\codeigniter4\framework\system\View\View.php(217): CodeIgniter\View\View->CodeIgniter\View\{closure}()
#3 D:\xampp2\htdocs\ci4app\vendor\codeigniter4\framework\system\Common.php(1092): CodeIgniter\View\View->render('diecast/detail', Array, true)
#4 D:\xampp2\htdocs\ci4app\app\Controllers\Diecast.php(37): view('diecast/detail', Array)
#5 D:\xampp2\htdocs\ci4app\vendor\codeigniter4\framework\system\CodeIgniter.php(802): App\Controllers\Diecast->detail('create')
#6 D:\xampp2\htdocs\ci4app\vendor\codeigniter4\framework\system\CodeIgniter.php(399): CodeIgniter\CodeIgniter->runController(Object(App\Controllers\Diecast))
#7 D:\xampp2\htdocs\ci4app\vendor\codeigniter4\framework\system\CodeIgniter.php(317): CodeIgniter\CodeIgniter->handleRequest(NULL, Object(Config\Cache), false)
#8 D:\xampp2\htdocs\ci4app\public\index.php(37): CodeIgniter\CodeIgniter->run()
#9 D:\xampp2\htdocs\ci4app\vendor\codeigniter4\framework\system\Commands\Server\rewrite.php(43): require_once('D:\\xampp2\\htdoc...')
#10 {main}
CRITICAL - 2021-10-20 11:18:06 --> Trying to access array offset on value of type null
#0 D:\xampp2\htdocs\ci4app\app\Views\diecast\detail.php(11): CodeIgniter\Debug\Exceptions->errorHandler(8, 'Trying to acces...', 'D:\\xampp2\\htdoc...', 11, Array)
#1 D:\xampp2\htdocs\ci4app\vendor\codeigniter4\framework\system\View\View.php(214): include('D:\\xampp2\\htdoc...')
#2 D:\xampp2\htdocs\ci4app\vendor\codeigniter4\framework\system\View\View.php(217): CodeIgniter\View\View->CodeIgniter\View\{closure}()
#3 D:\xampp2\htdocs\ci4app\vendor\codeigniter4\framework\system\Common.php(1092): CodeIgniter\View\View->render('diecast/detail', Array, true)
#4 D:\xampp2\htdocs\ci4app\app\Controllers\Diecast.php(37): view('diecast/detail', Array)
#5 D:\xampp2\htdocs\ci4app\vendor\codeigniter4\framework\system\CodeIgniter.php(802): App\Controllers\Diecast->detail('save')
#6 D:\xampp2\htdocs\ci4app\vendor\codeigniter4\framework\system\CodeIgniter.php(399): CodeIgniter\CodeIgniter->runController(Object(App\Controllers\Diecast))
#7 D:\xampp2\htdocs\ci4app\vendor\codeigniter4\framework\system\CodeIgniter.php(317): CodeIgniter\CodeIgniter->handleRequest(NULL, Object(Config\Cache), false)
#8 D:\xampp2\htdocs\ci4app\public\index.php(37): CodeIgniter\CodeIgniter->run()
#9 D:\xampp2\htdocs\ci4app\vendor\codeigniter4\framework\system\Commands\Server\rewrite.php(43): require_once('D:\\xampp2\\htdoc...')
#10 {main}
CRITICAL - 2021-10-20 11:29:11 --> Allowed fields must be specified for model: App\Models\DiecastModel
#0 D:\xampp2\htdocs\ci4app\vendor\codeigniter4\framework\system\BaseModel.php(1134): CodeIgniter\Database\Exceptions\DataException::forInvalidAllowedFields('App\\Models\\Diec...')
#1 D:\xampp2\htdocs\ci4app\vendor\codeigniter4\framework\system\BaseModel.php(713): CodeIgniter\BaseModel->doProtectFields(Array)
#2 D:\xampp2\htdocs\ci4app\vendor\codeigniter4\framework\system\Model.php(620): CodeIgniter\BaseModel->insert(Array, false)
#3 D:\xampp2\htdocs\ci4app\vendor\codeigniter4\framework\system\BaseModel.php(658): CodeIgniter\Model->insert(Array, false)
#4 D:\xampp2\htdocs\ci4app\app\Controllers\Diecast.php(64): CodeIgniter\BaseModel->save(Array)
#5 D:\xampp2\htdocs\ci4app\vendor\codeigniter4\framework\system\CodeIgniter.php(802): App\Controllers\Diecast->save()
#6 D:\xampp2\htdocs\ci4app\vendor\codeigniter4\framework\system\CodeIgniter.php(399): CodeIgniter\CodeIgniter->runController(Object(App\Controllers\Diecast))
#7 D:\xampp2\htdocs\ci4app\vendor\codeigniter4\framework\system\CodeIgniter.php(317): CodeIgniter\CodeIgniter->handleRequest(NULL, Object(Config\Cache), false)
#8 D:\xampp2\htdocs\ci4app\public\index.php(37): CodeIgniter\CodeIgniter->run()
#9 D:\xampp2\htdocs\ci4app\vendor\codeigniter4\framework\system\Commands\Server\rewrite.php(43): require_once('D:\\xampp2\\htdoc...')
#10 {main}
ERROR - 2021-10-20 11:31:47 --> Unknown column 'updated_at' in 'field list'
CRITICAL - 2021-10-20 11:31:47 --> Unknown column 'updated_at' in 'field list'
#0 D:\xampp2\htdocs\ci4app\vendor\codeigniter4\framework\system\Database\MySQLi\Connection.php(280): mysqli->query('INSERT INTO `di...')
#1 D:\xampp2\htdocs\ci4app\vendor\codeigniter4\framework\system\Database\BaseConnection.php(663): CodeIgniter\Database\MySQLi\Connection->execute('INSERT INTO `di...')
#2 D:\xampp2\htdocs\ci4app\vendor\codeigniter4\framework\system\Database\BaseConnection.php(591): CodeIgniter\Database\BaseConnection->simpleQuery('INSERT INTO `di...')
#3 D:\xampp2\htdocs\ci4app\vendor\codeigniter4\framework\system\Database\BaseBuilder.php(1733): CodeIgniter\Database\BaseConnection->query('INSERT INTO `di...', Array, false)
#4 D:\xampp2\htdocs\ci4app\vendor\codeigniter4\framework\system\Model.php(239): CodeIgniter\Database\BaseBuilder->insert()
#5 D:\xampp2\htdocs\ci4app\vendor\codeigniter4\framework\system\BaseModel.php(738): CodeIgniter\Model->doInsert(Array)
#6 D:\xampp2\htdocs\ci4app\vendor\codeigniter4\framework\system\Model.php(620): CodeIgniter\BaseModel->insert(Array, false)
#7 D:\xampp2\htdocs\ci4app\vendor\codeigniter4\framework\system\BaseModel.php(658): CodeIgniter\Model->insert(Array, false)
#8 D:\xampp2\htdocs\ci4app\app\Controllers\Diecast.php(64): CodeIgniter\BaseModel->save(Array)
#9 D:\xampp2\htdocs\ci4app\vendor\codeigniter4\framework\system\CodeIgniter.php(802): App\Controllers\Diecast->save()
#10 D:\xampp2\htdocs\ci4app\vendor\codeigniter4\framework\system\CodeIgniter.php(399): CodeIgniter\CodeIgniter->runController(Object(App\Controllers\Diecast))
#11 D:\xampp2\htdocs\ci4app\vendor\codeigniter4\framework\system\CodeIgniter.php(317): CodeIgniter\CodeIgniter->handleRequest(NULL, Object(Config\Cache), false)
#12 D:\xampp2\htdocs\ci4app\public\index.php(37): CodeIgniter\CodeIgniter->run()
#13 D:\xampp2\htdocs\ci4app\vendor\codeigniter4\framework\system\Commands\Server\rewrite.php(43): require_once('D:\\xampp2\\htdoc...')
#14 {main}
CRITICAL - 2021-10-20 11:42:21 --> Call to undefined method CodeIgniter\Session\Session::getFlasdata()
#0 D:\xampp2\htdocs\ci4app\vendor\codeigniter4\framework\system\View\View.php(214): include()
#1 D:\xampp2\htdocs\ci4app\vendor\codeigniter4\framework\system\View\View.php(217): CodeIgniter\View\View->CodeIgniter\View\{closure}()
#2 D:\xampp2\htdocs\ci4app\vendor\codeigniter4\framework\system\Common.php(1092): CodeIgniter\View\View->render('diecast/index', Array, true)
#3 D:\xampp2\htdocs\ci4app\app\Controllers\Diecast.php(28): view('diecast/index', Array)
#4 D:\xampp2\htdocs\ci4app\vendor\codeigniter4\framework\system\CodeIgniter.php(802): App\Controllers\Diecast->index()
#5 D:\xampp2\htdocs\ci4app\vendor\codeigniter4\framework\system\CodeIgniter.php(399): CodeIgniter\CodeIgniter->runController(Object(App\Controllers\Diecast))
#6 D:\xampp2\htdocs\ci4app\vendor\codeigniter4\framework\system\CodeIgniter.php(317): CodeIgniter\CodeIgniter->handleRequest(NULL, Object(Config\Cache), false)
#7 D:\xampp2\htdocs\ci4app\public\index.php(37): CodeIgniter\CodeIgniter->run()
#8 D:\xampp2\htdocs\ci4app\vendor\codeigniter4\framework\system\Commands\Server\rewrite.php(43): require_once('D:\\xampp2\\htdoc...')
#9 {main}
CRITICAL - 2021-10-20 11:47:38 --> Call to undefined method CodeIgniter\Session\Session::getFlasdata()
#0 D:\xampp2\htdocs\ci4app\vendor\codeigniter4\framework\system\View\View.php(214): include()
#1 D:\xampp2\htdocs\ci4app\vendor\codeigniter4\framework\system\View\View.php(217): CodeIgniter\View\View->CodeIgniter\View\{closure}()
#2 D:\xampp2\htdocs\ci4app\vendor\codeigniter4\framework\system\Common.php(1092): CodeIgniter\View\View->render('diecast/index', Array, true)
#3 D:\xampp2\htdocs\ci4app\app\Controllers\Diecast.php(28): view('diecast/index', Array)
#4 D:\xampp2\htdocs\ci4app\vendor\codeigniter4\framework\system\CodeIgniter.php(802): App\Controllers\Diecast->index()
#5 D:\xampp2\htdocs\ci4app\vendor\codeigniter4\framework\system\CodeIgniter.php(399): CodeIgniter\CodeIgniter->runController(Object(App\Controllers\Diecast))
#6 D:\xampp2\htdocs\ci4app\vendor\codeigniter4\framework\system\CodeIgniter.php(317): CodeIgniter\CodeIgniter->handleRequest(NULL, Object(Config\Cache), false)
#7 D:\xampp2\htdocs\ci4app\public\index.php(37): CodeIgniter\CodeIgniter->run()
#8 D:\xampp2\htdocs\ci4app\vendor\codeigniter4\framework\system\Commands\Server\rewrite.php(43): require_once('D:\\xampp2\\htdoc...')
#9 {main}
